\BOOKMARK [0][-]{chapter.1}{Einleitung}{}% 1
\BOOKMARK [1][-]{section.1.1}{Vorwort}{chapter.1}% 2
\BOOKMARK [1][-]{section.1.2}{Untersuchungsgegenstand}{chapter.1}% 3
\BOOKMARK [1][-]{section.1.3}{Ausgangspunkt}{chapter.1}% 4
\BOOKMARK [1][-]{section.1.4}{Aufbau}{chapter.1}% 5
\BOOKMARK [0][-]{chapter.2}{theoretischer Teil}{}% 6
\BOOKMARK [1][-]{section.2.1}{Versionskontrolle}{chapter.2}% 7
\BOOKMARK [2][-]{subsection.2.1.1}{Anf\344nge der Versionsverwaltung}{section.2.1}% 8
\BOOKMARK [2][-]{subsection.2.1.2}{Grundlagen der Versionsverwaltung}{section.2.1}% 9
\BOOKMARK [1][-]{section.2.2}{Stand der Technik}{chapter.2}% 10
\BOOKMARK [2][-]{subsection.2.2.1}{Subversion}{section.2.2}% 11
\BOOKMARK [2][-]{subsection.2.2.2}{Git}{section.2.2}% 12
\BOOKMARK [1][-]{section.2.3}{Grundlagen zum untersuchten Einsatzgebiet}{chapter.2}% 13
\BOOKMARK [2][-]{subsection.2.3.1}{P\344zisionsmessmaschinen}{section.2.3}% 14
\BOOKMARK [2][-]{subsection.2.3.2}{Controller}{section.2.3}% 15
\BOOKMARK [2][-]{subsection.2.3.3}{SPS-Programme}{section.2.3}% 16
\BOOKMARK [2][-]{subsection.2.3.4}{Makros}{section.2.3}% 17
\BOOKMARK [1][-]{section.2.4}{Besonderheiten der Industriellen Fertigung}{chapter.2}% 18
\BOOKMARK [2][-]{subsection.2.4.1}{R\374ckf\374hrbarkeit}{section.2.4}% 19
\BOOKMARK [2][-]{subsection.2.4.2}{Anforderung an die Wartbarkeit der Systeme}{section.2.4}% 20
\BOOKMARK [2][-]{subsection.2.4.3}{Reaktionszeiten im Fehlerfall}{section.2.4}% 21
\BOOKMARK [1][-]{section.2.5}{Anforderungsmanagement}{chapter.2}% 22
\BOOKMARK [2][-]{subsection.2.5.1}{Arbeitspakete im Anforderungsmanagement}{section.2.5}% 23
\BOOKMARK [1][-]{section.2.6}{Anforderungen}{chapter.2}% 24
\BOOKMARK [2][-]{subsection.2.6.1}{Definition der Anforderung}{section.2.6}% 25
\BOOKMARK [2][-]{subsection.2.6.2}{Arten der Anforderungen}{section.2.6}% 26
\BOOKMARK [2][-]{subsection.2.6.3}{Attribute von Anforderungen}{section.2.6}% 27
\BOOKMARK [2][-]{subsection.2.6.4}{Methoden zum Erheben von Anforderungen}{section.2.6}% 28
\BOOKMARK [2][-]{subsection.2.6.5}{Dokumentieren von Anforderungen}{section.2.6}% 29
\BOOKMARK [0][-]{chapter.3}{Abbildungsverzeichnis}{}% 30
\BOOKMARK [0][-]{chapter.4}{Literaturverzeichnis}{}% 31
